SF:lib/src/firebase_auth_repository.dart
DA:15,1
DA:19,1
DA:20,1
DA:21,1
DA:46,1
DA:48,4
DA:49,0
DA:50,2
DA:57,1
DA:60,2
DA:66,1
DA:69,2
DA:73,1
DA:74,0
DA:83,1
DA:87,1
DA:88,1
DA:89,2
DA:92,1
DA:94,2
DA:95,1
DA:96,1
DA:97,1
DA:98,1
DA:102,2
DA:103,1
DA:104,0
DA:113,1
DA:119,2
DA:123,1
DA:124,0
DA:131,0
DA:134,0
DA:136,0
DA:144,1
DA:147,2
DA:148,2
DA:149,2
DA:152,1
DA:156,0
DA:158,0
DA:160,0
DA:167,0
DA:173,0
DA:175,0
DA:176,0
DA:178,0
DA:181,0
DA:183,0
DA:189,0
DA:197,0
DA:198,0
DA:199,0
DA:200,0
DA:201,0
DA:202,0
DA:203,0
LF:57
LH:32
end_of_record
SF:lib/src/mock_auth_repository.dart
DA:14,0
DA:16,0
DA:19,0
DA:22,0
DA:27,0
DA:30,0
DA:32,0
DA:35,0
DA:37,0
DA:40,0
DA:45,0
DA:47,0
DA:51,0
DA:52,0
DA:54,0
DA:56,0
DA:57,0
DA:59,0
DA:63,0
DA:65,0
DA:68,0
DA:70,0
LF:22
LH:0
end_of_record
SF:lib/src/models/auth_failure.dart
DA:10,2
DA:17,0
DA:19,0
DA:23,0
DA:27,0
DA:31,0
DA:35,0
DA:69,0
DA:71,0
DA:73,0
DA:75,0
DA:77,0
DA:91,2
DA:97,0
DA:99,0
DA:103,0
DA:107,0
DA:111,0
DA:115,0
DA:119,0
DA:123,0
DA:127,0
LF:22
LH:2
end_of_record
SF:lib/src/models/user.dart
DA:10,4
DA:37,2
DA:40,2
DA:42,1
DA:43,6
LF:5
LH:5
end_of_record
SF:lib/src/models/forgot_password_failure.dart
DA:16,0
DA:18,0
DA:20,0
DA:23,0
LF:4
LH:0
end_of_record
