SF:lib/src/firebase_auth_repository.dart
DA:14,1
DA:18,1
DA:19,1
DA:20,1
DA:45,1
DA:47,4
DA:48,1
DA:49,2
DA:56,1
DA:59,2
DA:65,1
DA:68,2
DA:72,1
DA:73,0
DA:82,1
DA:86,1
DA:87,1
DA:88,2
DA:91,1
DA:93,2
DA:94,1
DA:95,1
DA:96,1
DA:97,1
DA:101,2
DA:102,1
DA:103,0
DA:112,1
DA:118,2
DA:122,1
DA:123,0
DA:130,0
DA:133,0
DA:135,0
DA:143,1
DA:146,2
DA:147,2
DA:148,2
DA:151,1
DA:155,0
DA:157,0
DA:158,0
DA:163,1
DA:164,5
LF:44
LH:35
end_of_record
SF:lib/src/mock_auth_repository.dart
DA:14,0
DA:16,0
DA:19,0
DA:22,0
DA:27,0
DA:30,0
DA:32,0
DA:35,0
DA:37,0
DA:40,0
DA:45,0
DA:47,0
DA:51,0
DA:52,0
DA:54,0
DA:55,0
DA:56,0
DA:58,0
DA:62,0
DA:64,0
LF:20
LH:0
end_of_record
SF:lib/src/models/auth_failure.dart
DA:10,2
DA:17,0
DA:19,0
DA:23,0
DA:27,0
DA:31,0
DA:35,0
DA:69,0
DA:71,0
DA:73,0
DA:75,0
DA:77,0
DA:94,2
DA:100,0
DA:102,0
DA:106,0
DA:110,0
DA:114,0
DA:118,0
DA:122,0
DA:126,0
DA:130,0
LF:22
LH:2
end_of_record
SF:lib/src/models/user.dart
DA:10,4
DA:37,2
DA:40,2
DA:42,1
DA:43,5
LF:5
LH:5
end_of_record
