SF:lib/l10n/locale_controller.dart
DA:6,2
DA:7,4
DA:15,4
DA:16,2
DA:17,4
DA:18,2
DA:19,2
DA:22,2
DA:23,4
DA:31,1
DA:32,1
DA:33,1
DA:34,2
DA:35,1
DA:36,2
DA:38,2
LF:16
LH:16
end_of_record
SF:lib/common/cache/local_cache.dart
DA:12,0
DA:14,0
DA:17,0
DA:19,0
LF:4
LH:0
end_of_record
SF:lib/features/app/bloc/app_bloc.dart
DA:14,1
DA:17,1
DA:20,2
DA:21,2
DA:22,2
DA:23,1
DA:24,0
DA:26,1
DA:27,0
DA:30,4
DA:31,3
DA:35,0
DA:39,0
DA:42,1
DA:46,2
DA:49,1
DA:53,1
DA:54,1
DA:55,1
DA:57,1
DA:61,1
DA:65,1
DA:66,1
DA:68,2
DA:76,1
DA:78,2
DA:79,1
LF:27
LH:23
end_of_record
SF:lib/features/authentication/domain/entities/form_value.dart
DA:6,24
DA:7,3
DA:9,1
DA:11,1
DA:12,1
DA:18,24
DA:19,3
DA:21,1
DA:29,48
DA:30,6
DA:32,2
DA:34,2
DA:40,48
DA:41,6
DA:43,2
DA:45,2
LF:16
LH:16
end_of_record
SF:lib/features/authentication/domain/usecases/forgot_password_use_case.dart
DA:7,0
DA:13,0
DA:15,0
DA:17,0
DA:18,0
DA:19,0
DA:21,0
LF:7
LH:0
end_of_record
SF:lib/features/authentication/domain/usecases/login_with_email_and_pw.dart
DA:7,0
DA:13,0
DA:18,0
DA:22,0
DA:23,0
DA:24,0
LF:6
LH:0
end_of_record
SF:lib/features/authentication/domain/usecases/login_with_google_account_use_case.dart
DA:7,1
DA:12,1
DA:14,2
DA:15,1
DA:16,1
DA:17,1
LF:6
LH:6
end_of_record
SF:lib/features/authentication/domain/usecases/register_with_email_and_pw.dart
DA:6,0
DA:15,0
DA:20,0
DA:23,0
DA:24,0
DA:30,0
LF:6
LH:0
end_of_record
SF:lib/features/authentication/presentation/register_form/cubit/register_form_cubit.dart
DA:12,1
DA:15,1
DA:19,1
DA:20,1
DA:22,1
DA:23,3
DA:25,1
DA:26,7
DA:32,1
DA:33,1
DA:35,1
DA:36,3
DA:38,1
DA:39,7
DA:45,1
DA:46,1
DA:48,1
DA:49,3
DA:51,1
DA:52,7
DA:58,1
DA:59,1
DA:60,3
DA:62,1
DA:63,3
DA:65,1
DA:66,7
DA:72,1
DA:73,2
DA:74,3
DA:75,3
LF:31
LH:31
end_of_record
SF:lib/features/edit_transaction/domain/usecases/add_transaction_use_case.dart
DA:6,1
DA:10,1
DA:11,2
LF:3
LH:3
end_of_record
SF:lib/features/settings/theme/theme_controller.dart
DA:7,0
DA:8,0
DA:9,0
DA:15,0
DA:16,0
DA:17,0
DA:18,0
DA:19,0
DA:20,0
LF:9
LH:0
end_of_record
SF:lib/constants.dart
DA:64,0
DA:65,0
LF:2
LH:0
end_of_record
SF:lib/di/injector.config.dart
DA:45,0
DA:50,0
DA:55,0
DA:56,0
DA:57,0
DA:58,0
DA:59,0
DA:61,0
DA:62,0
DA:65,0
DA:66,0
DA:67,0
DA:68,0
DA:69,0
DA:70,0
DA:71,0
DA:72,0
DA:73,0
DA:75,0
DA:76,0
DA:77,0
DA:79,0
DA:80,0
DA:81,0
DA:82,0
DA:83,0
DA:84,0
DA:85,0
DA:86,0
DA:89,0
DA:90,0
DA:92,0
DA:94,0
DA:95,0
DA:97,0
DA:99,0
DA:100,0
DA:101,0
DA:103,0
DA:104,0
DA:105,0
DA:107,0
DA:108,0
DA:109,0
DA:110,0
DA:111,0
DA:114,0
DA:115,0
DA:116,0
DA:117,0
DA:118,0
DA:120,0
DA:121,0
DA:122,0
DA:124,0
DA:128,0
DA:129,0
DA:132,0
DA:133,0
DA:134,0
DA:135,0
DA:136,0
DA:137,0
DA:138,0
DA:139,0
DA:140,0
DA:141,0
LF:67
LH:0
end_of_record
SF:lib/features/authentication/presentation/bloc/authentication_bloc.dart
DA:14,0
DA:17,0
DA:18,0
DA:19,0
DA:20,0
DA:21,0
DA:22,0
DA:25,0
DA:27,0
LF:9
LH:0
end_of_record
SF:lib/features/edit_transaction/presentation/bloc/edit_transaction_bloc.dart
DA:19,1
DA:22,1
DA:23,1
DA:25,1
DA:26,1
DA:29,2
DA:30,2
DA:31,2
DA:32,2
DA:33,2
DA:34,2
DA:35,2
DA:36,2
DA:37,2
DA:43,1
DA:47,2
DA:50,1
DA:54,5
DA:57,1
DA:61,4
DA:64,1
DA:68,4
DA:71,1
DA:75,5
DA:78,1
DA:82,1
DA:83,5
DA:86,1
DA:90,1
DA:91,4
DA:94,1
DA:98,4
DA:101,2
DA:102,0
DA:105,3
DA:106,2
DA:107,2
DA:108,2
DA:111,2
DA:112,4
DA:116,1
DA:120,2
DA:122,4
LF:43
LH:42
end_of_record
SF:lib/features/transaction_overview/domain/usecases/load_transactions.dart
DA:6,0
DA:10,0
DA:11,0
LF:3
LH:0
end_of_record
SF:lib/user_preferences.dart
DA:6,0
DA:15,0
DA:19,0
DA:20,0
DA:29,0
LF:5
LH:0
end_of_record
SF:lib/di/injector.dart
DA:16,3
DA:17,0
DA:19,0
DA:21,0
DA:26,0
DA:27,0
DA:29,0
DA:31,0
DA:37,0
DA:38,0
DA:39,0
DA:40,0
DA:41,0
DA:43,0
DA:48,0
DA:51,0
DA:55,0
DA:57,0
DA:59,0
DA:61,0
DA:63,0
DA:65,0
DA:67,0
DA:70,0
DA:73,0
DA:76,0
DA:77,0
DA:78,0
DA:89,0
LF:29
LH:1
end_of_record
SF:lib/routes/router.dart
DA:33,1
DA:34,1
DA:36,1
DA:37,1
DA:38,1
DA:40,0
DA:42,1
DA:44,0
DA:52,1
DA:54,0
DA:61,1
DA:62,1
DA:64,0
DA:66,0
DA:67,0
DA:73,1
DA:75,0
DA:77,1
DA:79,0
DA:87,1
DA:89,0
DA:97,1
DA:98,1
DA:100,0
DA:102,1
DA:104,0
DA:108,1
DA:110,0
DA:111,1
DA:112,1
DA:114,0
DA:116,1
DA:118,0
DA:120,1
DA:122,0
DA:124,1
DA:126,0
DA:128,1
DA:130,0
DA:134,1
DA:136,0
DA:138,1
DA:140,0
DA:141,0
DA:144,1
DA:146,0
DA:147,0
DA:150,1
DA:152,2
DA:156,1
DA:157,1
DA:159,2
DA:160,1
DA:165,1
DA:167,0
DA:169,1
DA:171,0
DA:175,2
DA:176,1
DA:177,1
DA:178,2
DA:180,0
DA:184,2
DA:186,2
DA:187,2
DA:189,2
DA:190,2
DA:200,2
DA:202,2
DA:219,12
DA:221,0
DA:223,0
DA:224,0
DA:226,0
DA:227,0
DA:228,0
DA:229,0
DA:237,12
DA:239,0
DA:246,12
DA:247,0
DA:249,0
DA:251,0
DA:252,0
DA:253,0
DA:254,0
DA:255,0
DA:256,0
DA:265,1
DA:266,1
DA:267,3
DA:268,0
DA:274,0
DA:276,0
DA:277,0
LF:95
LH:50
end_of_record
SF:lib/features/authentication/presentation/forgot_password/cubit/forgot_password_cubit.dart
DA:11,1
DA:12,2
DA:17,0
DA:18,0
DA:20,0
DA:21,0
DA:22,0
DA:23,0
DA:25,0
DA:29,0
DA:30,0
LF:11
LH:2
end_of_record
SF:lib/features/authentication/presentation/forgot_password/presentation/pages/forgot_password_email_sent_screen.dart
DA:6,0
DA:8,0
DA:10,0
DA:11,0
DA:12,0
DA:14,0
DA:15,0
DA:16,0
DA:19,0
DA:20,0
DA:22,0
DA:28,0
DA:29,0
DA:30,0
DA:34,0
DA:36,0
DA:37,0
DA:38,0
LF:18
LH:0
end_of_record
SF:lib/l10n/localization_factory.dart
DA:9,10
DA:16,10
DA:20,4
DA:21,4
LF:4
LH:4
end_of_record
SF:lib/features/authentication/presentation/forgot_password/presentation/pages/forgot_password_screen.dart
DA:11,1
DA:14,1
DA:16,1
DA:17,5
DA:24,12
DA:26,1
DA:28,4
DA:29,3
DA:31,1
DA:32,1
DA:34,1
DA:35,0
DA:36,0
DA:37,0
DA:40,1
DA:41,2
DA:42,1
DA:44,1
DA:46,1
DA:48,2
DA:49,2
DA:51,1
DA:52,2
DA:55,1
DA:56,1
DA:58,3
DA:59,0
DA:60,0
DA:61,0
DA:62,0
DA:63,0
DA:68,1
DA:69,1
DA:70,2
LF:34
LH:26
end_of_record
SF:lib/presentations/components/default_app_bar.dart
DA:6,75
DA:22,4
DA:25,4
DA:27,4
DA:28,4
DA:29,4
DA:30,4
DA:31,4
DA:32,4
DA:33,4
DA:34,16
DA:37,8
DA:38,1
DA:39,0
DA:40,2
DA:41,4
LF:16
LH:15
end_of_record
SF:lib/features/authentication/presentation/login_form/cubit/login_form_cubit.dart
DA:14,2
DA:19,2
DA:24,0
DA:25,0
DA:26,0
DA:27,0
DA:28,0
DA:29,0
DA:38,1
DA:39,4
DA:41,2
DA:42,3
DA:43,3
DA:46,1
DA:47,2
DA:48,3
DA:53,5
DA:57,1
DA:58,1
DA:60,1
DA:61,3
DA:63,4
DA:68,1
DA:69,1
DA:71,1
DA:72,3
DA:74,4
DA:79,1
DA:80,2
DA:81,4
DA:84,2
DA:87,2
LF:32
LH:26
end_of_record
SF:lib/features/authentication/presentation/login_form/pages/login_screen.dart
DA:15,12
DA:17,1
DA:19,1
DA:20,2
DA:21,2
DA:22,2
DA:30,13
DA:32,2
DA:34,2
DA:35,1
DA:36,3
DA:37,2
DA:39,1
DA:40,3
DA:42,2
DA:43,2
DA:44,2
DA:47,2
DA:48,6
DA:49,2
DA:51,2
DA:86,12
DA:88,2
DA:90,2
DA:92,1
DA:93,1
DA:95,4
DA:103,1
DA:104,1
DA:105,0
DA:106,3
DA:107,2
DA:108,0
DA:109,0
DA:110,0
DA:111,2
DA:113,0
DA:119,12
DA:121,2
DA:123,2
DA:124,4
DA:125,2
DA:127,2
DA:128,2
DA:130,6
DA:132,2
DA:133,0
DA:134,2
DA:135,4
DA:136,6
DA:145,12
DA:147,2
DA:149,2
DA:150,0
DA:151,0
DA:153,2
DA:155,2
DA:156,2
DA:166,12
DA:168,2
DA:170,8
DA:172,2
DA:175,0
DA:176,2
DA:178,8
DA:185,12
DA:187,2
DA:189,2
DA:191,0
DA:194,2
DA:196,8
DA:197,0
DA:205,12
DA:207,2
DA:209,2
DA:210,2
DA:211,2
DA:213,2
DA:215,2
DA:217,2
DA:219,4
DA:220,2
DA:221,2
DA:224,2
DA:227,2
LF:85
LH:74
end_of_record
SF:lib/l10n/gen/app_localizations.dart
DA:63,5
DA:64,10
DA:68,4
DA:69,4
DA:390,12
DA:392,5
DA:394,10
DA:397,5
DA:399,15
DA:401,0
DA:405,5
DA:407,5
DA:408,5
DA:409,5
DA:410,1
DA:411,1
DA:414,0
LF:17
LH:15
end_of_record
SF:lib/features/authentication/presentation/register_form/pages/register_screen.dart
DA:17,12
DA:19,0
DA:21,0
DA:22,0
DA:23,0
DA:31,13
DA:33,1
DA:35,1
DA:37,1
DA:39,1
DA:73,12
DA:75,1
DA:77,1
DA:80,3
DA:81,1
DA:82,0
DA:84,0
DA:85,0
DA:86,0
DA:87,0
DA:92,1
DA:94,1
DA:95,1
DA:96,1
DA:99,1
DA:100,1
DA:101,1
DA:103,1
DA:104,1
DA:106,2
DA:107,2
DA:116,1
DA:126,12
DA:128,1
DA:130,1
DA:131,2
DA:132,1
DA:134,1
DA:135,1
DA:137,3
DA:139,1
DA:140,0
DA:141,1
DA:143,3
DA:152,12
DA:154,1
DA:156,1
DA:157,0
DA:158,1
DA:160,1
DA:161,1
DA:171,12
DA:173,1
DA:175,4
DA:176,1
DA:179,2
DA:180,1
DA:182,4
DA:189,12
DA:191,1
DA:193,3
DA:197,1
DA:198,1
DA:199,1
DA:202,1
DA:205,0
DA:211,1
DA:213,3
DA:214,1
DA:220,12
DA:222,1
DA:224,1
DA:226,3
DA:228,1
DA:230,4
DA:231,0
DA:240,12
DA:242,1
DA:244,1
DA:245,1
DA:246,1
DA:248,1
DA:249,2
DA:251,1
DA:253,2
DA:254,1
DA:256,0
DA:266,12
DA:268,1
DA:270,1
DA:271,2
DA:272,2
DA:274,2
DA:275,0
DA:276,2
LF:95
LH:80
end_of_record
SF:lib/features/edit_transaction/presentation/pages/bottomsheet.dart
DA:10,12
DA:12,0
DA:14,0
DA:15,0
DA:16,0
DA:18,0
DA:27,0
DA:30,0
DA:31,0
DA:32,0
DA:33,0
DA:34,0
DA:35,0
DA:37,0
DA:39,0
DA:40,0
DA:43,0
DA:44,0
DA:45,0
DA:46,0
DA:48,0
DA:49,0
DA:50,0
DA:52,0
DA:53,0
DA:56,0
DA:59,0
DA:60,0
DA:71,0
DA:72,0
DA:73,0
DA:74,0
DA:75,0
DA:77,0
DA:80,0
DA:81,0
DA:84,0
DA:85,0
DA:86,0
DA:87,0
DA:89,0
DA:90,0
DA:91,0
DA:93,0
DA:94,0
DA:97,0
DA:100,0
DA:101,0
DA:112,0
DA:113,0
DA:114,0
DA:115,0
DA:123,0
DA:124,0
DA:125,0
DA:126,0
DA:128,0
DA:129,0
DA:130,0
DA:132,0
DA:133,0
DA:136,0
DA:139,0
DA:140,0
LF:64
LH:1
end_of_record
SF:lib/features/edit_transaction/presentation/pages/edit_transaction_screen.dart
DA:17,0
DA:19,0
DA:21,0
DA:22,0
DA:23,0
DA:24,0
DA:32,12
DA:34,0
DA:36,0
DA:37,0
DA:38,0
DA:40,0
DA:42,0
DA:43,0
DA:47,0
DA:49,0
DA:52,0
DA:54,0
DA:58,0
DA:59,0
DA:60,0
DA:61,0
DA:62,0
DA:63,0
DA:65,0
DA:71,0
DA:72,0
DA:77,0
DA:78,0
DA:79,0
DA:84,0
DA:88,0
DA:90,0
DA:91,0
DA:93,0
DA:95,0
DA:97,0
DA:99,0
DA:100,0
DA:101,0
DA:102,0
DA:106,0
DA:107,0
DA:109,0
DA:111,0
DA:112,0
DA:113,0
DA:114,0
DA:120,0
DA:128,0
DA:130,0
DA:137,0
DA:147,0
DA:148,0
DA:150,0
DA:154,0
DA:155,0
DA:156,0
DA:158,0
DA:159,0
DA:160,0
DA:167,0
DA:168,0
DA:169,0
DA:170,0
DA:171,0
DA:172,0
DA:175,0
DA:183,0
DA:185,0
DA:186,0
DA:189,0
DA:195,0
DA:196,0
DA:197,0
DA:198,0
DA:199,0
DA:200,0
DA:201,0
DA:202,0
DA:203,0
DA:204,0
DA:206,0
DA:207,0
DA:208,0
DA:209,0
DA:224,0
DA:225,0
DA:226,0
DA:227,0
DA:228,0
DA:231,0
DA:232,0
DA:236,0
DA:237,0
DA:239,0
DA:240,0
DA:241,0
DA:243,0
DA:246,0
DA:251,0
DA:255,0
DA:256,0
DA:258,0
DA:259,0
DA:260,0
DA:262,0
DA:265,0
DA:270,0
DA:271,0
DA:272,0
DA:274,0
DA:278,0
DA:291,0
DA:292,0
DA:293,0
DA:294,0
DA:298,0
DA:313,12
DA:315,0
DA:317,0
DA:318,0
DA:323,0
DA:324,0
DA:327,0
DA:328,0
DA:334,0
DA:335,0
DA:336,0
DA:337,0
DA:340,0
DA:343,0
DA:344,0
DA:348,0
DA:349,0
DA:350,0
DA:351,0
DA:354,0
DA:355,0
DA:358,0
DA:359,0
DA:361,0
DA:362,0
DA:373,12
DA:375,0
DA:377,0
DA:378,0
DA:379,0
DA:380,0
DA:381,0
DA:387,12
DA:389,0
DA:391,0
DA:392,0
DA:393,0
DA:395,0
DA:396,0
DA:399,0
DA:401,0
DA:402,0
DA:403,0
LF:161
LH:4
end_of_record
SF:lib/features/settings/presentation/pages/currency_screen.dart
DA:7,12
DA:11,0
DA:13,0
DA:17,0
DA:19,0
DA:20,0
DA:21,0
DA:23,0
DA:24,0
DA:27,0
DA:33,0
DA:34,0
DA:35,0
DA:36,0
DA:37,0
DA:38,0
DA:39,0
LF:17
LH:1
end_of_record
SF:lib/features/settings/presentation/pages/language_screen.dart
DA:9,13
DA:12,1
DA:14,4
DA:15,2
DA:17,1
DA:18,3
DA:19,1
DA:20,2
DA:21,1
DA:22,2
DA:23,1
DA:24,1
DA:25,1
DA:26,1
DA:27,2
DA:30,1
DA:31,1
DA:32,1
DA:33,1
DA:37,3
DA:38,2
DA:39,2
LF:22
LH:22
end_of_record
SF:lib/features/settings/presentation/pages/notification_screen.dart
DA:6,12
DA:10,0
DA:12,0
DA:15,0
DA:19,0
DA:21,0
DA:22,0
DA:23,0
DA:25,0
DA:26,0
DA:28,0
DA:32,0
DA:38,0
DA:39,0
DA:42,0
DA:43,0
DA:47,0
DA:53,0
DA:55,0
DA:56,0
DA:58,0
DA:62,0
LF:22
LH:1
end_of_record
SF:lib/features/settings/presentation/pages/profile_screen.dart
DA:10,12
DA:12,0
DA:14,0
DA:17,0
DA:18,0
DA:19,0
DA:20,0
DA:21,0
DA:23,0
DA:28,0
DA:32,0
DA:34,0
DA:36,0
DA:37,0
DA:38,0
DA:39,0
DA:42,0
DA:43,0
DA:45,0
DA:46,0
DA:48,0
DA:53,0
DA:55,0
DA:62,0
DA:66,0
DA:67,0
DA:69,0
DA:72,0
DA:73,0
DA:74,0
DA:76,0
DA:80,0
DA:82,0
DA:86,0
DA:88,0
DA:92,0
DA:94,0
DA:95,0
DA:113,0
DA:123,0
DA:125,0
DA:126,0
DA:127,0
DA:129,0
DA:130,0
DA:131,0
DA:133,0
DA:134,0
DA:135,0
DA:136,0
DA:137,0
DA:142,0
DA:145,0
DA:154,12
DA:158,0
DA:160,0
DA:161,0
DA:163,0
DA:165,0
DA:166,0
DA:168,0
DA:170,0
DA:171,0
DA:172,0
DA:173,0
DA:176,0
DA:178,0
DA:180,0
DA:181,0
DA:182,0
DA:183,0
DA:187,0
DA:189,0
DA:190,0
DA:191,0
DA:192,0
DA:194,0
DA:196,0
DA:197,0
DA:198,0
DA:206,0
DA:207,0
DA:208,0
LF:83
LH:2
end_of_record
SF:lib/features/settings/presentation/pages/security_screen.dart
DA:7,12
DA:10,0
DA:12,0
DA:15,0
DA:17,0
DA:18,0
DA:19,0
DA:20,0
DA:24,0
DA:25,0
DA:28,0
DA:34,0
LF:12
LH:1
end_of_record
SF:lib/features/settings/presentation/pages/setting_screen.dart
DA:15,13
DA:17,1
DA:19,2
DA:21,1
DA:23,1
DA:24,1
DA:25,1
DA:26,2
DA:28,0
DA:30,1
DA:31,2
DA:32,1
DA:33,0
DA:35,1
DA:36,2
DA:38,0
DA:40,1
DA:41,2
DA:42,0
DA:44,1
DA:45,2
DA:46,0
DA:49,1
DA:50,2
DA:51,0
DA:53,1
DA:54,2
DA:55,0
DA:64,1
DA:69,1
DA:71,3
DA:72,4
DA:73,3
DA:76,1
DA:77,2
DA:78,1
DA:80,1
DA:81,2
DA:83,2
DA:86,2
DA:91,1
LF:41
LH:34
end_of_record
SF:lib/features/settings/presentation/pages/theme_screen.dart
DA:9,12
DA:12,0
DA:14,0
DA:15,0
DA:17,0
DA:18,0
DA:19,0
DA:20,0
DA:21,0
DA:22,0
DA:23,0
DA:24,0
DA:27,0
DA:28,0
DA:31,0
DA:34,0
DA:41,0
DA:42,0
LF:18
LH:1
end_of_record
SF:lib/features/transaction_overview/presentation/bloc/transaction_bloc.dart
DA:10,0
DA:12,0
DA:13,0
DA:16,0
DA:20,0
DA:21,0
DA:22,0
DA:23,0
LF:8
LH:0
end_of_record
SF:lib/features/transaction_overview/presentation/bloc/transaction_state.dart
DA:4,0
DA:6,0
DA:7,0
DA:17,0
DA:19,0
DA:21,0
LF:6
LH:0
end_of_record
SF:lib/features/transaction_overview/presentation/bloc/transaction_event.dart
DA:4,12
DA:6,0
DA:7,0
DA:11,12
DA:15,0
LF:5
LH:2
end_of_record
SF:lib/features/transaction_overview/presentation/pages/recent_transactions.dart
DA:9,12
DA:11,0
DA:13,0
DA:14,0
DA:15,0
DA:18,0
DA:22,0
DA:24,0
DA:25,0
DA:26,0
DA:27,0
DA:29,0
DA:30,0
DA:31,0
LF:14
LH:1
end_of_record
SF:lib/features/transaction_overview/presentation/pages/transaction_screen.dart
DA:13,12
DA:16,0
DA:18,0
DA:19,0
DA:26,12
DA:28,0
DA:30,0
DA:31,0
DA:32,0
DA:35,0
DA:39,0
DA:40,0
DA:43,0
DA:44,0
DA:45,0
DA:50,0
DA:54,0
DA:55,0
DA:56,0
DA:57,0
DA:59,0
DA:63,0
DA:65,0
DA:74,0
DA:78,0
DA:80,0
DA:82,0
DA:94,0
DA:100,0
DA:102,0
DA:104,0
DA:105,0
DA:107,0
DA:108,0
DA:109,0
DA:112,0
DA:115,0
DA:116,0
DA:117,0
DA:118,0
DA:120,0
DA:128,0
DA:130,0
DA:131,0
DA:132,0
DA:133,0
DA:134,0
DA:135,0
DA:136,0
LF:49
LH:2
end_of_record
SF:lib/features/verify_email/register_verify_email_view.dart
DA:10,12
DA:12,0
DA:14,0
DA:15,0
DA:16,0
DA:17,0
DA:19,0
DA:20,0
DA:22,0
DA:24,0
DA:25,0
DA:27,0
DA:30,0
DA:36,0
DA:37,0
DA:42,0
DA:47,0
DA:49,0
DA:50,0
DA:54,0
DA:56,0
DA:59,0
DA:61,0
DA:62,0
DA:66,0
DA:67,0
DA:68,0
DA:70,0
DA:72,0
LF:29
LH:1
end_of_record
SF:lib/home_screen.dart
DA:11,12
DA:13,0
DA:15,0
DA:17,0
DA:18,0
DA:20,0
DA:24,0
DA:26,0
DA:27,0
DA:29,0
DA:30,0
DA:34,0
DA:36,0
DA:40,0
DA:42,0
DA:46,0
DA:48,0
DA:50,0
DA:51,0
DA:52,0
DA:53,0
DA:54,0
DA:56,0
DA:57,0
DA:59,0
DA:60,0
LF:26
LH:1
end_of_record
SF:lib/routes/app_scaffold.dart
DA:14,12
DA:25,0
DA:27,0
DA:28,0
DA:29,0
DA:30,0
DA:31,0
DA:32,0
DA:33,0
DA:35,0
DA:38,0
DA:40,0
DA:41,0
DA:44,0
DA:45,0
DA:46,0
DA:47,0
DA:51,0
DA:53,0
DA:54,0
DA:55,0
DA:59,0
DA:61,0
DA:62,0
DA:63,0
DA:67,0
DA:69,0
DA:70,0
DA:71,0
DA:75,0
DA:83,0
DA:84,0
DA:85,0
DA:86,0
DA:88,0
DA:89,0
DA:91,0
DA:92,0
DA:94,0
DA:95,0
LF:40
LH:1
end_of_record
SF:lib/l10n/gen/app_localizations_en.dart
DA:5,10
DA:7,3
DA:10,2
DA:13,1
DA:16,0
DA:20,0
DA:24,0
DA:27,1
DA:30,1
DA:33,1
DA:36,1
DA:39,1
DA:43,0
DA:45,0
DA:48,0
DA:51,0
DA:54,0
DA:57,0
DA:60,0
DA:63,0
DA:66,0
DA:69,0
DA:72,0
DA:75,0
DA:78,0
DA:81,0
DA:84,0
DA:87,1
DA:90,1
DA:93,1
DA:96,1
DA:99,1
DA:102,0
DA:105,0
DA:108,0
DA:111,1
DA:114,0
DA:117,1
DA:120,0
DA:123,0
DA:126,0
DA:129,1
DA:132,0
DA:135,0
DA:138,0
DA:141,0
DA:145,0
DA:148,0
DA:152,1
DA:155,1
LF:50
LH:19
end_of_record
SF:lib/l10n/gen/app_localizations_vi.dart
DA:5,2
DA:7,0
DA:10,0
DA:13,0
DA:16,0
DA:20,0
DA:24,0
DA:27,0
DA:31,0
DA:34,0
DA:37,0
DA:40,0
DA:44,0
DA:46,0
DA:49,0
DA:52,0
DA:55,0
DA:58,0
DA:61,0
DA:64,0
DA:67,0
DA:70,0
DA:73,0
DA:76,0
DA:79,0
DA:82,0
DA:85,0
DA:88,1
DA:91,0
DA:95,1
DA:98,1
DA:101,0
DA:104,0
DA:107,0
DA:110,0
DA:113,0
DA:116,0
DA:119,0
DA:122,0
DA:125,0
DA:128,0
DA:131,0
DA:134,0
DA:137,0
DA:140,0
DA:143,0
DA:147,0
DA:150,0
DA:153,0
DA:156,0
LF:50
LH:4
end_of_record
SF:lib/presentations/components/bars.dart
DA:7,12
DA:21,0
DA:23,0
DA:24,0
DA:25,0
DA:26,0
DA:27,0
DA:29,0
DA:31,0
DA:33,0
DA:34,0
DA:35,0
DA:45,0
DA:50,0
DA:53,0
DA:55,0
DA:57,0
DA:60,0
DA:62,0
DA:63,0
DA:64,0
DA:66,0
DA:68,0
DA:70,0
LF:24
LH:1
end_of_record
SF:lib/presentations/components/custom_month_year_picker.dart
DA:5,0
DA:7,0
DA:8,0
DA:9,0
DA:10,0
DA:12,0
DA:13,0
DA:16,0
DA:17,0
DA:20,0
DA:22,0
DA:25,0
DA:27,0
DA:30,0
DA:32,0
DA:35,0
DA:37,0
DA:40,0
DA:45,0
DA:47,0
DA:48,0
DA:54,0
DA:56,0
DA:57,0
DA:63,0
DA:68,0
DA:70,0
DA:71,0
DA:77,0
DA:79,0
DA:82,0
DA:84,0
DA:87,0
DA:89,0
DA:97,0
DA:99,0
DA:100,0
DA:101,0
DA:102,0
DA:103,0
DA:104,0
DA:106,0
DA:107,0
DA:108,0
DA:109,0
DA:110,0
DA:111,0
LF:47
LH:0
end_of_record
SF:lib/presentations/components/transaction_tile.dart
DA:11,1
DA:22,1
DA:24,1
DA:25,3
DA:26,3
DA:28,1
DA:30,2
DA:31,1
DA:32,1
DA:33,1
DA:35,1
DA:36,1
DA:38,3
DA:39,1
DA:41,1
DA:43,1
DA:44,1
DA:45,1
DA:46,3
DA:50,1
DA:51,1
DA:56,1
DA:57,3
DA:66,1
DA:68,1
DA:69,1
DA:70,1
DA:71,2
DA:76,1
DA:78,1
DA:79,4
LF:31
LH:31
end_of_record
SF:lib/presentations/components/squared_icon_card.dart
DA:7,0
DA:19,0
DA:21,0
DA:22,0
DA:24,0
DA:25,0
DA:29,0
DA:30,0
DA:31,0
DA:32,0
DA:33,0
DA:40,1
DA:43,1
DA:45,1
DA:46,2
DA:48,1
DA:49,1
DA:51,1
DA:52,2
DA:55,2
LF:20
LH:9
end_of_record
SF:lib/presentations/pages/detail/transaction_detail.dart
DA:14,0
DA:19,0
DA:21,0
DA:22,0
DA:23,0
DA:24,0
DA:31,0
DA:35,0
DA:37,0
DA:38,0
DA:40,0
DA:41,0
DA:42,0
DA:44,0
DA:45,0
DA:51,0
DA:53,0
DA:54,0
DA:56,0
DA:57,0
DA:58,0
DA:60,0
DA:61,0
DA:62,0
DA:63,0
DA:64,0
DA:66,0
DA:79,0
DA:86,0
DA:88,0
DA:90,0
DA:92,0
DA:94,0
DA:101,0
DA:103,0
DA:104,0
DA:106,0
DA:108,0
DA:110,0
DA:112,0
DA:113,0
DA:114,0
DA:115,0
LF:43
LH:0
end_of_record
SF:lib/presentations/pages/onboarding/body.dart
DA:10,12
DA:11,0
DA:12,0
DA:18,0
DA:22,0
DA:23,0
DA:24,0
DA:25,0
DA:28,0
DA:30,0
DA:31,0
DA:32,0
DA:34,0
DA:35,0
DA:36,0
DA:38,0
DA:39,0
DA:40,0
DA:41,0
DA:42,0
DA:43,0
DA:44,0
DA:46,0
DA:47,0
DA:48,0
DA:53,0
DA:54,0
DA:56,0
DA:67,0
DA:70,0
DA:72,0
DA:73,0
DA:74,0
DA:78,0
DA:80,0
DA:82,0
DA:84,0
DA:85,0
DA:86,0
DA:87,0
DA:95,0
DA:96,0
DA:101,0
DA:102,0
DA:118,0
DA:120,0
DA:123,0
DA:124,0
DA:125,0
DA:128,0
DA:129,0
DA:130,0
DA:131,0
DA:132,0
LF:54
LH:1
end_of_record
SF:lib/presentations/pages/onboarding/onboarding_page.dart
DA:6,12
DA:8,0
LF:2
LH:1
end_of_record
SF:lib/presentations/pages/profile/export/export_page.dart
DA:11,12
DA:13,0
DA:14,0
DA:20,0
DA:22,0
DA:24,0
DA:25,0
DA:27,0
DA:29,0
DA:30,0
DA:31,0
DA:32,0
DA:45,0
DA:46,0
DA:47,0
DA:48,0
DA:49,0
DA:50,0
DA:52,0
DA:55,0
DA:56,0
DA:58,0
DA:67,0
DA:69,0
DA:71,0
LF:25
LH:1
end_of_record
SF:lib/presentations/pages/profile/export/export_result_page.dart
DA:6,0
DA:8,0
DA:10,0
DA:11,0
DA:12,0
DA:14,0
DA:15,0
DA:16,0
DA:17,0
DA:18,0
DA:19,0
DA:33,0
DA:35,0
LF:13
LH:0
end_of_record
SF:lib/routes/fade_transistion_page.dart
DA:7,1
DA:10,1
DA:11,1
DA:17,1
DA:18,2
DA:23,3
LF:6
LH:6
end_of_record
SF:lib/features/app/presentation/app.dart
DA:11,4
DA:16,0
DA:22,4
DA:23,4
DA:27,4
DA:29,16
DA:30,0
DA:32,0
DA:34,4
DA:37,4
DA:40,4
DA:42,4
DA:43,8
DA:45,8
DA:46,8
DA:47,8
DA:48,4
DA:49,4
DA:50,4
DA:51,4
LF:20
LH:17
end_of_record
SF:lib/features/settings/theme/theme.dart
DA:5,16
DA:6,4
DA:9,4
DA:10,4
DA:11,4
DA:12,4
DA:17,4
DA:18,4
DA:19,4
DA:20,4
DA:25,4
DA:26,4
DA:30,8
DA:35,4
DA:36,4
DA:37,4
DA:40,4
DA:41,4
DA:43,4
DA:48,12
DA:49,4
DA:51,4
DA:56,4
DA:57,4
DA:58,4
DA:59,4
DA:64,4
DA:65,4
DA:66,4
DA:67,4
DA:72,4
DA:73,4
DA:77,8
DA:82,4
DA:83,4
DA:84,4
DA:92,4
DA:93,4
DA:95,4
LF:39
LH:39
end_of_record
SF:lib/features/settings/theme/app_text_theme.dart
DA:4,12
DA:5,4
DA:8,4
DA:10,4
DA:13,4
DA:15,4
DA:16,4
DA:20,4
DA:21,4
DA:25,4
DA:30,4
DA:35,4
DA:39,4
DA:43,4
DA:47,4
DA:51,4
LF:16
LH:16
end_of_record
