SF:lib/features/transaction/edit_transaction/presentation/cubit/edit_transaction_cubit.dart
DA:20,1
DA:24,1
DA:26,0
DA:29,0
DA:30,0
DA:31,0
DA:32,0
DA:33,0
DA:34,0
DA:36,2
DA:43,0
DA:44,0
DA:47,0
DA:48,0
DA:51,0
DA:52,0
DA:55,1
DA:56,4
DA:59,0
DA:60,0
DA:61,0
DA:62,0
DA:63,0
DA:70,1
DA:71,2
DA:73,1
DA:74,4
DA:76,1
DA:77,3
DA:81,1
DA:82,4
DA:85,0
DA:86,0
DA:88,0
DA:89,0
DA:90,0
DA:91,0
DA:92,0
DA:93,0
DA:94,0
DA:95,0
DA:98,0
DA:99,0
DA:103,1
DA:104,2
DA:106,4
DA:109,0
DA:110,0
DA:113,0
DA:114,0
DA:120,0
DA:121,0
DA:123,0
DA:124,0
LF:54
LH:16
end_of_record
SF:lib/features/transaction/edit_transaction/presentation/cubit/edit_transaction_state.dart
DA:18,2
DA:20,0
DA:21,0
DA:28,86
DA:29,3
DA:30,1
DA:32,2
DA:33,3
DA:39,1
DA:41,1
DA:42,1
DA:50,86
DA:51,0
DA:52,1
DA:62,86
DA:63,0
DA:64,0
DA:72,0
DA:74,0
DA:75,0
DA:76,0
DA:77,0
DA:78,0
DA:79,0
DA:86,0
DA:87,0
DA:88,0
LF:27
LH:12
end_of_record
SF:lib/features/transaction/edit_transaction/usecases/add_transaction_use_case.dart
DA:7,1
DA:11,1
DA:12,2
DA:18,0
DA:22,0
DA:23,0
LF:6
LH:3
end_of_record
SF:lib/common/cache/drift_database.g.dart
DA:15,4
DA:20,0
DA:22,0
DA:23,0
DA:24,0
DA:26,0
DA:27,0
DA:30,0
DA:31,0
DA:36,0
DA:37,0
DA:38,0
DA:39,0
DA:40,0
DA:41,0
DA:45,0
DA:47,0
DA:48,0
DA:49,0
DA:50,0
DA:51,0
DA:52,0
DA:55,0
DA:57,0
DA:58,0
DA:59,0
DA:60,0
DA:61,0
DA:62,0
DA:66,0
DA:68,0
DA:69,0
DA:70,0
DA:71,0
DA:72,0
DA:74,0
DA:76,0
DA:77,0
DA:78,0
DA:79,0
DA:80,0
DA:81,0
DA:82,0
DA:85,0
DA:86,0
DA:87,0
DA:90,0
DA:91,0
DA:92,0
DA:93,0
DA:94,0
DA:102,2
DA:108,2
DA:113,2
DA:114,2
DA:115,2
DA:116,2
DA:117,0
DA:123,0
DA:124,0
DA:125,0
DA:126,0
DA:127,0
DA:131,0
DA:136,0
DA:137,0
DA:138,0
DA:139,0
DA:140,0
DA:144,3
DA:146,3
DA:147,6
DA:148,12
DA:150,6
DA:151,12
DA:153,6
DA:154,3
DA:155,15
DA:157,6
DA:158,2
DA:159,10
DA:164,0
DA:166,0
DA:167,0
DA:168,0
DA:169,0
DA:170,0
DA:171,0
DA:172,0
DA:181,2
DA:184,4
DA:185,2
DA:189,4
DA:190,2
DA:194,2
DA:195,4
DA:197,4
DA:200,2
DA:201,4
DA:203,4
DA:204,2
DA:205,10
DA:206,2
DA:207,2
DA:208,2
DA:210,2
DA:213,2
DA:214,2
DA:215,2
DA:216,2
DA:217,10
DA:219,0
DA:221,2
DA:222,2
DA:223,10
DA:225,0
DA:227,4
DA:228,4
DA:232,2
DA:233,2
DA:234,2
DA:236,1
DA:237,2
DA:238,6
DA:239,6
DA:240,6
DA:241,6
DA:242,10
DA:243,6
DA:244,10
DA:245,6
DA:249,0
DA:251,0
DA:254,6
DA:256,4
DA:265,1
DA:270,0
DA:272,0
DA:273,0
DA:274,0
DA:275,0
DA:276,0
DA:280,0
DA:281,0
DA:282,0
DA:283,0
DA:284,0
DA:285,0
DA:289,0
DA:291,0
DA:292,0
DA:293,0
DA:294,0
DA:295,0
DA:296,0
DA:299,0
DA:301,0
DA:302,0
DA:303,0
DA:304,0
DA:305,0
DA:306,0
DA:310,0
DA:312,0
DA:313,0
DA:314,0
DA:315,0
DA:316,0
DA:318,0
DA:320,0
DA:321,0
DA:322,0
DA:323,0
DA:324,0
DA:325,0
DA:326,0
DA:329,0
DA:330,0
DA:331,0
DA:334,0
DA:335,0
DA:336,0
DA:337,0
DA:338,0
DA:346,0
DA:352,2
DA:357,2
DA:358,2
DA:359,2
DA:360,2
DA:361,0
DA:367,0
DA:368,0
DA:369,0
DA:370,0
DA:371,0
DA:375,0
DA:380,0
DA:381,0
DA:382,0
DA:383,0
DA:384,0
DA:388,2
DA:390,2
DA:391,4
DA:392,8
DA:394,4
DA:395,8
DA:397,4
DA:398,8
DA:400,4
DA:401,8
DA:406,0
DA:408,0
DA:409,0
DA:410,0
DA:411,0
DA:412,0
DA:413,0
DA:414,0
DA:422,2
DA:425,4
DA:426,2
DA:430,4
DA:431,2
DA:435,4
DA:436,2
DA:440,4
DA:441,2
DA:443,2
DA:444,10
DA:445,2
DA:446,2
DA:447,2
DA:449,2
DA:452,2
DA:453,2
DA:454,2
DA:455,12
DA:457,0
DA:459,2
DA:460,2
DA:461,10
DA:463,0
DA:465,2
DA:466,2
DA:467,2
DA:468,4
DA:469,4
DA:471,0
DA:473,2
DA:474,4
DA:475,8
DA:477,0
DA:482,2
DA:483,2
DA:484,0
DA:486,0
DA:487,0
DA:488,0
DA:489,0
DA:490,0
DA:491,0
DA:492,0
DA:493,0
DA:494,0
DA:495,0
DA:499,0
DA:501,0
DA:514,2
DA:523,0
DA:525,0
DA:526,0
DA:527,0
DA:528,0
DA:529,0
DA:530,0
DA:532,0
DA:533,0
DA:535,0
DA:536,0
DA:537,0
DA:541,0
DA:542,0
DA:543,0
DA:544,0
DA:545,0
DA:546,0
DA:548,0
DA:550,0
DA:551,0
DA:552,0
DA:553,0
DA:557,0
DA:559,0
DA:560,0
DA:561,0
DA:562,0
DA:563,0
DA:564,0
DA:565,0
DA:566,0
DA:567,0
DA:568,0
DA:571,0
DA:573,0
DA:574,0
DA:575,0
DA:576,0
DA:577,0
DA:578,0
DA:579,0
DA:580,0
DA:581,0
DA:582,0
DA:586,0
DA:595,0
DA:596,0
DA:597,0
DA:598,0
DA:599,0
DA:600,0
DA:601,0
DA:602,0
DA:603,0
DA:605,0
DA:607,0
DA:608,0
DA:609,0
DA:610,0
DA:611,0
DA:612,0
DA:613,0
DA:614,0
DA:615,0
DA:616,0
DA:617,0
DA:620,0
DA:621,0
DA:622,0
DA:623,0
DA:626,0
DA:627,0
DA:628,0
DA:629,0
DA:630,0
DA:631,0
DA:632,0
DA:633,0
DA:634,0
DA:646,0
DA:656,2
DA:665,2
DA:666,2
DA:667,2
DA:668,2
DA:669,2
DA:670,2
DA:671,0
DA:681,0
DA:682,0
DA:683,0
DA:684,0
DA:685,0
DA:686,0
DA:687,0
DA:688,0
DA:689,0
DA:693,0
DA:702,0
DA:703,0
DA:704,0
DA:705,0
DA:706,0
DA:707,0
DA:708,0
DA:709,0
DA:710,0
DA:714,1
DA:716,1
DA:717,2
DA:718,4
DA:720,2
DA:721,4
DA:723,2
DA:724,4
DA:726,2
DA:727,0
DA:729,2
DA:730,0
DA:732,2
DA:733,4
DA:735,2
DA:736,4
DA:738,2
DA:739,4
DA:744,0
DA:746,0
DA:747,0
DA:748,0
DA:749,0
DA:750,0
DA:751,0
DA:752,0
DA:753,0
DA:754,0
DA:755,0
DA:756,0
DA:765,2
DA:768,4
DA:769,2
DA:774,4
DA:775,2
DA:781,4
DA:782,2
DA:789,4
DA:790,2
DA:794,4
DA:795,2
DA:799,4
DA:800,2
DA:805,4
DA:806,2
DA:810,4
DA:811,2
DA:815,2
DA:816,2
DA:817,2
DA:818,2
DA:819,2
DA:820,2
DA:821,2
DA:822,2
DA:823,2
DA:824,2
DA:826,2
DA:827,2
DA:828,1
DA:830,1
DA:833,1
DA:834,1
DA:835,1
DA:836,6
DA:838,0
DA:840,1
DA:841,1
DA:842,1
DA:843,2
DA:844,2
DA:846,0
DA:848,1
DA:849,2
DA:850,4
DA:852,0
DA:854,1
DA:855,0
DA:856,0
DA:857,0
DA:858,0
DA:860,1
DA:861,0
DA:862,0
DA:864,1
DA:865,2
DA:866,4
DA:868,0
DA:870,1
DA:871,1
DA:872,1
DA:873,2
DA:874,2
DA:876,0
DA:878,1
DA:879,1
DA:880,1
DA:881,2
DA:882,2
DA:884,0
DA:889,2
DA:890,2
DA:891,1
DA:893,1
DA:894,1
DA:895,3
DA:896,3
DA:897,3
DA:898,3
DA:899,3
DA:900,3
DA:901,3
DA:902,3
DA:903,3
DA:904,3
DA:905,3
DA:906,3
DA:907,3
DA:908,3
DA:909,3
DA:910,3
DA:914,1
DA:916,2
DA:925,0
DA:930,0
DA:932,0
DA:933,0
DA:934,0
DA:935,0
DA:936,0
DA:940,0
DA:941,0
DA:942,0
DA:943,0
DA:944,0
DA:945,0
DA:949,0
DA:951,0
DA:952,0
DA:953,0
DA:954,0
DA:955,0
DA:956,0
DA:959,0
DA:961,0
DA:962,0
DA:963,0
DA:964,0
DA:965,0
DA:966,0
DA:970,0
DA:972,0
DA:973,0
DA:974,0
DA:975,0
DA:976,0
DA:978,0
DA:980,0
DA:981,0
DA:982,0
DA:983,0
DA:984,0
DA:985,0
DA:986,0
DA:989,0
DA:990,0
DA:991,0
DA:994,0
DA:995,0
DA:996,0
DA:997,0
DA:998,0
DA:1006,0
DA:1012,0
DA:1017,0
DA:1018,0
DA:1019,0
DA:1020,0
DA:1021,0
DA:1027,0
DA:1028,0
DA:1029,0
DA:1030,0
DA:1031,0
DA:1035,0
DA:1040,0
DA:1041,0
DA:1042,0
DA:1043,0
DA:1044,0
DA:1048,0
DA:1050,0
DA:1051,0
DA:1052,0
DA:1054,0
DA:1055,0
DA:1057,0
DA:1058,0
DA:1060,0
DA:1061,0
DA:1066,0
DA:1068,0
DA:1069,0
DA:1070,0
DA:1071,0
DA:1072,0
DA:1073,0
DA:1074,0
DA:1082,2
DA:1085,4
DA:1086,2
DA:1090,4
DA:1091,2
DA:1095,4
DA:1096,2
DA:1101,4
DA:1102,2
DA:1104,2
DA:1105,10
DA:1106,2
DA:1107,2
DA:1108,0
DA:1110,0
DA:1113,0
DA:1114,0
DA:1115,0
DA:1116,0
DA:1118,0
DA:1120,0
DA:1121,0
DA:1122,0
DA:1124,0
DA:1126,0
DA:1127,0
DA:1128,0
DA:1130,0
DA:1132,0
DA:1133,0
DA:1134,0
DA:1135,0
DA:1136,0
DA:1138,0
DA:1143,2
DA:1144,2
DA:1145,0
DA:1147,0
DA:1148,0
DA:1149,0
DA:1150,0
DA:1151,0
DA:1152,0
DA:1153,0
DA:1154,0
DA:1155,0
DA:1156,0
DA:1160,0
DA:1162,0
DA:1167,4
DA:1168,4
DA:1169,4
DA:1170,4
DA:1171,4
DA:1175,0
DA:1177,0
DA:1178,2
DA:1180,10
LF:644
LH:236
end_of_record
SF:lib/common/cache/drift_database.dart
DA:26,2
DA:28,2
DA:31,2
DA:33,2
DA:34,2
DA:35,2
DA:36,2
DA:41,2
DA:42,2
DA:43,2
DA:45,6
DA:46,2
DA:52,2
DA:58,2
DA:65,6
DA:66,2
DA:68,2
DA:72,2
DA:74,2
DA:78,2
DA:80,2
DA:89,0
DA:92,0
DA:93,0
DA:94,0
DA:95,0
DA:96,0
DA:98,0
DA:99,0
DA:100,0
DA:106,0
DA:109,0
DA:110,0
DA:111,0
DA:112,0
DA:113,0
DA:115,0
DA:118,0
DA:119,0
DA:121,0
DA:122,0
DA:123,0
DA:124,0
DA:125,0
DA:129,0
DA:132,0
DA:135,0
DA:136,0
DA:137,0
DA:138,0
DA:140,0
DA:143,0
DA:144,0
DA:145,0
DA:152,0
DA:153,0
DA:157,0
DA:161,0
DA:163,0
DA:166,0
DA:167,0
DA:169,0
LF:62
LH:21
end_of_record
SF:lib/features/budget/data/models/budget_model.dart
DA:4,0
DA:5,0
DA:6,0
DA:7,0
DA:9,0
DA:10,0
LF:6
LH:0
end_of_record
SF:lib/features/category/data/datasources/categories_dao.g.dart
DA:10,6
LF:1
LH:1
end_of_record
SF:lib/features/category/data/datasources/categories_dao.dart
DA:12,2
DA:14,2
DA:15,4
DA:16,12
DA:17,2
DA:20,6
DA:22,1
DA:26,0
DA:27,0
DA:28,4
DA:29,4
LF:11
LH:9
end_of_record
SF:lib/features/category/data/models/category_model.dart
DA:13,0
DA:14,0
DA:15,0
DA:16,0
DA:18,0
DA:19,0
DA:23,86
DA:25,2
DA:27,2
DA:30,2
DA:32,2
DA:37,86
DA:39,2
DA:41,2
DA:42,2
DA:43,2
DA:44,2
DA:45,2
DA:49,3
DA:51,6
DA:52,3
DA:53,3
DA:54,3
LF:23
LH:17
end_of_record
SF:lib/features/category/domain/entities/category.dart
DA:15,181
DA:17,9
LF:2
LH:2
end_of_record
SF:lib/features/transaction/data/datasources/transaction_dao.g.dart
DA:10,3
DA:11,3
DA:12,3
LF:3
LH:3
end_of_record
SF:lib/features/transaction/data/datasources/transaction_dao.dart
DA:16,1
DA:18,1
DA:21,3
DA:24,1
DA:29,2
DA:30,2
DA:31,1
DA:33,1
DA:34,2
DA:35,0
DA:36,0
DA:41,1
DA:42,1
DA:43,1
DA:44,1
DA:45,5
DA:47,1
DA:48,1
DA:49,5
DA:55,4
DA:58,2
DA:59,0
DA:60,2
DA:61,0
DA:62,0
DA:64,1
DA:67,1
DA:68,7
DA:72,1
DA:73,6
DA:74,1
DA:77,4
DA:79,1
DA:80,3
DA:82,0
LF:35
LH:29
end_of_record
SF:lib/features/transaction/data/models/transaction_model.dart
DA:12,0
DA:13,0
DA:14,0
DA:15,0
DA:16,0
DA:17,0
DA:18,0
DA:19,0
DA:21,0
DA:22,0
DA:26,1
DA:36,1
DA:38,2
DA:39,0
DA:41,1
DA:43,2
DA:44,2
DA:45,1
DA:46,2
DA:47,2
DA:48,3
DA:49,2
DA:51,2
DA:52,2
DA:53,2
DA:54,1
DA:55,2
DA:56,2
DA:57,2
DA:65,0
DA:73,0
DA:74,0
LF:32
LH:18
end_of_record
SF:lib/features/transaction/domain/entities/transaction.dart
DA:23,1
DA:25,0
LF:2
LH:1
end_of_record
SF:lib/features/wallet/data/models/wallet_model.dart
DA:5,0
DA:6,0
DA:7,0
DA:8,0
DA:10,0
DA:11,0
LF:6
LH:0
end_of_record
SF:lib/constants.dart
DA:34,0
DA:35,0
LF:2
LH:0
end_of_record
SF:lib/di/injector.config.dart
DA:79,0
DA:84,0
DA:89,0
DA:90,0
DA:91,0
DA:92,0
DA:93,0
DA:94,0
DA:95,0
DA:96,0
DA:99,0
DA:100,0
DA:101,0
DA:102,0
DA:103,0
DA:104,0
DA:105,0
DA:107,0
DA:108,0
DA:109,0
DA:111,0
DA:112,0
DA:113,0
DA:114,0
DA:115,0
DA:116,0
DA:117,0
DA:118,0
DA:119,0
DA:120,0
DA:121,0
DA:122,0
DA:123,0
DA:124,0
DA:126,0
DA:127,0
DA:130,0
DA:131,0
DA:133,0
DA:135,0
DA:136,0
DA:138,0
DA:140,0
DA:141,0
DA:142,0
DA:143,0
DA:144,0
DA:145,0
DA:146,0
DA:147,0
DA:148,0
DA:151,0
DA:152,0
DA:153,0
DA:154,0
DA:155,0
DA:156,0
DA:157,0
DA:158,0
DA:159,0
DA:163,0
DA:164,0
DA:165,0
DA:168,0
DA:169,0
DA:170,0
DA:171,0
DA:172,0
DA:173,0
DA:174,0
DA:175,0
DA:177,0
DA:179,0
DA:180,0
DA:181,0
DA:182,0
DA:183,0
DA:185,0
DA:186,0
DA:187,0
DA:188,0
DA:189,0
DA:190,0
DA:191,0
DA:192,0
DA:193,0
DA:194,0
DA:195,0
DA:196,0
DA:197,0
DA:198,0
LF:91
LH:0
end_of_record
SF:lib/di/injector.dart
DA:15,3
DA:16,4
DA:18,0
DA:23,0
DA:28,0
DA:29,0
DA:31,0
DA:33,0
DA:39,0
DA:40,0
DA:41,0
DA:42,0
DA:43,0
DA:45,0
DA:50,0
DA:53,0
DA:57,0
DA:59,0
DA:61,0
DA:63,0
DA:65,0
DA:67,0
DA:78,0
DA:79,0
DA:88,0
LF:25
LH:2
end_of_record
SF:lib/features/app/bloc/app_state.dart
DA:10,9
DA:13,4
DA:14,2
DA:17,3
LF:4
LH:4
end_of_record
SF:lib/features/app/bloc/app_bloc.dart
DA:16,1
DA:18,1
DA:19,1
DA:20,1
DA:21,1
DA:24,2
DA:25,2
DA:30,1
DA:34,5
DA:35,3
DA:36,4
DA:39,1
DA:43,5
DA:44,3
DA:45,4
LF:15
LH:15
end_of_record
SF:lib/features/app/data/app_settings.dart
DA:7,0
DA:11,0
DA:12,0
DA:15,0
DA:18,0
DA:19,0
DA:22,0
DA:23,0
DA:25,0
DA:28,0
DA:29,0
LF:11
LH:0
end_of_record
SF:lib/features/authentication/domain/usecases/forgot_password_use_case.dart
DA:7,1
DA:13,1
DA:15,2
DA:17,1
DA:18,1
DA:19,1
DA:21,1
LF:7
LH:7
end_of_record
SF:lib/features/authentication/domain/usecases/login_with_email_and_pw.dart
DA:7,1
DA:13,1
DA:18,2
DA:22,1
DA:23,1
DA:24,1
LF:6
LH:6
end_of_record
SF:lib/features/authentication/domain/usecases/login_with_google_account_use_case.dart
DA:7,1
DA:12,1
DA:14,2
DA:15,1
DA:16,1
DA:17,1
LF:6
LH:6
end_of_record
SF:lib/features/authentication/domain/usecases/register_with_email_and_pw.dart
DA:7,1
DA:14,1
DA:19,2
DA:20,1
DA:21,1
DA:22,1
LF:6
LH:6
end_of_record
SF:lib/features/authentication/presentation/bloc/authentication_bloc.dart
DA:15,1
DA:16,1
DA:17,2
DA:18,2
DA:20,4
DA:21,3
DA:25,1
DA:29,3
DA:32,1
DA:36,1
DA:37,2
DA:40,1
DA:42,2
DA:43,1
LF:14
LH:14
end_of_record
SF:lib/features/authentication/presentation/login_form/cubit/login_form_cubit.dart
DA:15,1
DA:20,1
DA:25,1
DA:26,4
DA:27,3
DA:28,2
DA:29,1
DA:30,1
DA:31,3
DA:34,5
DA:39,1
DA:40,4
DA:42,2
DA:43,3
DA:44,3
DA:47,1
DA:48,1
DA:49,1
DA:50,3
DA:56,5
DA:60,1
DA:61,1
DA:63,1
DA:64,3
DA:66,4
DA:71,1
DA:72,1
DA:74,1
DA:75,3
DA:77,4
DA:82,1
DA:83,2
DA:84,4
LF:33
LH:33
end_of_record
SF:lib/features/authentication/presentation/register_form/cubit/register_form_cubit.dart
DA:13,1
DA:16,1
DA:20,1
DA:21,1
DA:23,1
DA:24,3
DA:26,1
DA:27,7
DA:33,1
DA:34,1
DA:36,1
DA:37,3
DA:39,1
DA:40,7
DA:46,1
DA:47,1
DA:49,1
DA:50,3
DA:52,1
DA:53,7
DA:59,1
DA:60,1
DA:61,3
DA:63,1
DA:64,3
DA:66,1
DA:67,7
DA:73,1
DA:74,2
DA:75,3
DA:76,3
LF:31
LH:31
end_of_record
SF:lib/features/budget/data/repositories/budget_repository_impl.dart
DA:7,0
DA:10,0
DA:12,0
DA:15,0
DA:17,0
DA:18,0
DA:19,0
DA:22,0
DA:24,0
DA:27,0
DA:29,0
DA:32,0
LF:12
LH:0
end_of_record
SF:lib/features/budget/domain/entities/budget.dart
DA:16,44
DA:18,2
DA:19,4
LF:3
LH:3
end_of_record
SF:lib/features/budget/domain/usecases/create_budget.dart
DA:8,1
DA:12,1
DA:14,2
DA:15,1
DA:16,1
DA:17,1
LF:6
LH:6
end_of_record
SF:lib/features/budget/domain/usecases/update_budget.dart
DA:8,1
DA:12,1
DA:14,2
DA:15,1
DA:16,1
DA:17,1
LF:6
LH:6
end_of_record
SF:lib/features/category/data/repositories/local_category_repository.dart
DA:13,1
DA:17,1
DA:21,1
DA:22,2
DA:23,3
DA:24,2
DA:27,2
DA:28,1
DA:29,1
DA:30,1
DA:34,1
DA:36,2
DA:37,2
DA:38,1
DA:39,1
DA:40,1
DA:41,2
DA:42,1
DA:44,1
DA:47,1
DA:49,3
DA:50,1
DA:51,2
DA:52,1
DA:53,1
DA:54,1
DA:55,2
DA:56,1
DA:58,1
LF:29
LH:29
end_of_record
SF:lib/features/category/presentation/cubit/category_cubit.dart
DA:15,2
DA:16,1
DA:21,1
DA:22,2
DA:24,2
DA:25,0
DA:29,1
DA:30,2
DA:38,1
DA:39,1
DA:40,5
DA:42,0
DA:46,1
DA:48,2
DA:49,1
LF:15
LH:13
end_of_record
SF:lib/features/transaction/data/repositories/fake_transaction_repository.dart
DA:11,1
DA:12,1
DA:18,1
DA:20,4
DA:23,1
DA:26,1
DA:29,1
DA:34,1
DA:35,1
DA:36,2
DA:37,4
DA:41,1
DA:43,3
DA:46,1
DA:48,2
DA:49,1
DA:50,2
DA:54,1
DA:59,1
DA:60,1
DA:61,1
DA:62,2
DA:63,1
DA:64,2
DA:65,2
DA:66,1
DA:67,1
DA:68,1
LF:28
LH:28
end_of_record
SF:lib/features/transaction/transaction_overview/presentation/bloc/transaction_event.dart
DA:4,43
DA:6,0
DA:7,0
DA:11,43
DA:15,0
LF:5
LH:2
end_of_record
SF:lib/features/transaction/transaction_overview/presentation/bloc/transaction_bloc.dart
DA:15,0
DA:17,0
DA:18,0
DA:21,0
DA:25,0
DA:27,0
DA:28,0
DA:29,0
DA:30,0
LF:9
LH:0
end_of_record
SF:lib/features/transaction/transaction_overview/usecases/load_transactions.dart
DA:7,0
DA:11,0
DA:12,0
LF:3
LH:0
end_of_record
SF:lib/features/wallet/presentation/cubit/wallet_state.dart
DA:9,43
DA:11,0
DA:12,0
LF:3
LH:1
end_of_record
SF:lib/features/wallet/presentation/cubit/wallet_cubit.dart
DA:12,0
DA:13,0
DA:18,0
DA:20,0
DA:22,0
DA:23,0
DA:25,0
LF:7
LH:0
end_of_record
SF:lib/user_preferences.dart
DA:6,0
DA:15,0
DA:19,0
DA:20,0
DA:29,0
LF:5
LH:0
end_of_record
SF:lib/routes/router.dart
DA:35,0
DA:36,0
DA:39,0
DA:40,0
DA:41,0
DA:43,0
DA:45,0
DA:47,0
DA:55,0
DA:57,0
DA:64,0
DA:65,0
DA:67,0
DA:69,0
DA:70,0
DA:76,0
DA:78,0
DA:80,0
DA:82,0
DA:90,0
DA:92,0
DA:94,0
DA:96,0
DA:104,0
DA:105,0
DA:107,0
DA:109,0
DA:111,0
DA:115,0
DA:117,0
DA:118,0
DA:119,0
DA:121,0
DA:123,0
DA:125,0
DA:127,0
DA:129,0
DA:131,0
DA:133,0
DA:135,0
DA:137,0
DA:141,0
DA:143,0
DA:144,0
DA:147,0
DA:149,0
DA:151,0
DA:153,0
DA:154,0
DA:157,0
DA:159,0
DA:161,0
DA:163,0
DA:164,0
DA:167,0
DA:169,0
DA:171,0
DA:173,0
DA:176,0
DA:177,0
DA:183,0
DA:184,0
DA:186,0
DA:187,0
DA:188,0
DA:191,0
DA:209,43
DA:211,0
DA:213,0
DA:214,0
DA:216,0
DA:217,0
DA:218,0
DA:219,0
DA:227,0
DA:228,0
DA:229,0
DA:230,0
DA:236,0
DA:238,0
DA:239,0
LF:81
LH:1
end_of_record
SF:lib/features/app/data/models/model.dart
DA:5,2
DA:6,2
DA:7,2
DA:8,2
DA:9,2
DA:10,2
DA:12,0
LF:7
LH:6
end_of_record
SF:lib/l10n/gen/app_localizations.dart
DA:63,48
DA:67,13
DA:68,13
DA:518,43
DA:520,16
DA:522,32
DA:525,16
DA:526,48
DA:528,0
DA:532,16
DA:536,16
DA:537,32
DA:538,0
DA:541,0
LF:14
LH:11
end_of_record
SF:lib/features/app/presentation/widgets/default_app_bar.dart
DA:6,140
DA:22,12
DA:25,13
DA:27,13
DA:28,13
DA:29,13
DA:30,13
DA:31,13
DA:32,13
DA:33,13
DA:34,52
DA:37,26
DA:38,6
DA:39,2
DA:40,12
DA:42,24
LF:16
LH:16
end_of_record
SF:lib/features/authentication/domain/entities/form_value.dart
DA:6,86
DA:7,3
DA:9,1
DA:11,1
DA:12,1
DA:18,86
DA:19,3
DA:21,1
DA:29,172
DA:30,6
DA:32,2
DA:34,2
DA:40,172
DA:41,6
DA:43,2
DA:45,2
LF:16
LH:16
end_of_record
SF:lib/features/authentication/presentation/forgot_password/cubit/forgot_password_cubit.dart
DA:10,1
DA:11,2
DA:16,1
DA:17,4
DA:19,4
DA:20,1
DA:21,2
DA:22,3
DA:24,5
DA:28,1
DA:29,4
LF:11
LH:11
end_of_record
SF:lib/features/authentication/presentation/forgot_password/presentation/pages/forgot_password_email_sent_screen.dart
DA:6,2
DA:8,2
DA:10,4
DA:11,4
DA:12,6
DA:14,2
DA:15,2
DA:16,2
DA:19,2
DA:20,2
DA:22,2
DA:28,2
DA:29,6
DA:30,2
DA:34,2
DA:36,2
DA:37,2
LF:17
LH:17
end_of_record
SF:lib/l10n/localization_factory.dart
DA:11,32
DA:18,6
DA:22,13
DA:23,13
LF:4
LH:4
end_of_record
SF:lib/features/authentication/presentation/forgot_password/presentation/pages/forgot_password_screen.dart
DA:12,0
DA:15,0
DA:17,0
DA:18,0
DA:25,44
DA:27,1
DA:29,4
DA:30,3
DA:32,1
DA:33,1
DA:35,3
DA:36,1
DA:37,1
DA:38,2
DA:39,3
DA:42,1
DA:43,2
DA:44,1
DA:46,1
DA:48,1
DA:50,2
DA:51,2
DA:53,1
DA:54,2
DA:57,1
DA:58,1
DA:59,1
DA:63,1
DA:64,1
DA:65,2
DA:77,1
DA:78,1
DA:79,2
DA:80,2
DA:81,2
LF:35
LH:31
end_of_record
SF:lib/features/authentication/presentation/login_form/pages/login_screen.dart
DA:14,43
DA:17,0
DA:19,0
DA:20,0
DA:27,45
DA:29,2
DA:31,2
DA:32,6
DA:33,2
DA:34,1
DA:35,2
DA:36,2
DA:37,3
DA:39,1
DA:40,3
DA:42,2
DA:43,2
DA:44,2
DA:47,2
DA:49,2
DA:85,43
DA:87,2
DA:89,8
DA:91,2
DA:94,1
DA:95,1
DA:102,43
DA:104,2
DA:106,2
DA:107,4
DA:108,2
DA:110,2
DA:111,2
DA:113,6
DA:115,2
DA:117,2
DA:118,2
DA:119,4
DA:120,6
DA:129,43
DA:131,2
DA:133,2
DA:135,4
DA:136,2
DA:138,2
DA:139,2
DA:149,43
DA:151,2
DA:153,8
DA:155,8
DA:157,2
DA:160,4
DA:161,2
DA:163,8
DA:170,43
DA:172,2
DA:174,6
DA:175,2
DA:177,4
DA:180,2
DA:182,2
DA:189,43
DA:191,2
DA:193,2
DA:194,2
DA:195,2
DA:197,2
DA:199,2
DA:201,2
DA:203,4
DA:204,2
DA:205,2
DA:208,2
DA:211,2
DA:219,1
DA:220,1
DA:221,0
DA:222,0
DA:223,0
DA:224,0
DA:225,0
DA:226,0
DA:227,0
DA:228,0
DA:229,0
DA:230,0
DA:231,0
DA:233,3
DA:234,2
DA:235,0
DA:236,2
DA:237,0
DA:238,2
DA:240,2
LF:94
LH:78
end_of_record
SF:lib/features/authentication/presentation/register_form/pages/register_screen.dart
DA:14,43
DA:16,0
DA:18,0
DA:19,0
DA:26,44
DA:28,1
DA:30,1
DA:32,1
DA:34,1
DA:57,43
DA:59,1
DA:61,1
DA:64,3
DA:65,1
DA:66,0
DA:68,0
DA:69,0
DA:70,0
DA:71,0
DA:76,1
DA:78,1
DA:79,1
DA:80,1
DA:83,1
DA:84,1
DA:85,1
DA:87,1
DA:88,1
DA:90,2
DA:91,2
DA:100,1
DA:110,43
DA:112,1
DA:114,1
DA:115,2
DA:116,1
DA:118,1
DA:119,1
DA:121,3
DA:123,1
DA:125,2
DA:126,1
DA:128,3
DA:137,43
DA:139,1
DA:141,4
DA:142,1
DA:145,2
DA:146,1
DA:148,4
DA:155,43
DA:157,1
DA:159,3
DA:163,1
DA:164,1
DA:165,1
DA:168,1
DA:171,0
DA:177,1
DA:179,3
DA:180,1
DA:186,43
DA:188,1
DA:190,1
DA:192,3
DA:194,1
DA:196,4
DA:197,0
DA:206,43
DA:208,1
DA:210,1
DA:211,1
DA:212,1
DA:214,1
DA:215,2
DA:217,1
DA:219,2
DA:220,1
DA:222,0
DA:232,43
DA:234,1
DA:236,1
DA:237,2
DA:238,2
DA:240,2
DA:241,0
DA:242,2
LF:87
LH:75
end_of_record
SF:lib/features/budget/presentation/pages/budget_screen.dart
DA:12,44
DA:14,1
DA:16,1
DA:18,1
DA:20,1
DA:21,1
DA:35,1
DA:37,2
DA:38,3
LF:9
LH:9
end_of_record
SF:lib/features/budget/presentation/widgets/budget_tile.dart
DA:5,43
DA:9,1
DA:11,2
DA:13,1
DA:16,1
DA:18,1
DA:20,1
DA:21,1
DA:23,1
DA:24,1
DA:27,1
DA:28,3
DA:30,4
DA:32,1
DA:35,1
DA:37,2
DA:40,1
DA:42,1
DA:44,4
DA:46,3
DA:50,1
DA:51,3
DA:52,2
DA:57,1
DA:58,0
DA:60,0
LF:26
LH:24
end_of_record
SF:lib/features/budget/presentation/pages/create_new_budget_screen.dart
DA:5,44
DA:7,1
LF:2
LH:2
end_of_record
SF:lib/features/category/presentation/pages/select_category_view.dart
DA:13,86
DA:15,0
DA:17,0
DA:18,0
DA:25,45
DA:27,2
DA:29,6
DA:31,2
DA:33,2
DA:34,2
DA:35,2
DA:36,2
DA:38,1
DA:39,1
DA:41,1
DA:42,1
DA:43,1
DA:52,2
DA:54,2
DA:55,2
DA:57,1
DA:62,2
DA:64,2
DA:75,2
DA:76,2
DA:77,2
DA:78,2
DA:82,2
DA:83,2
DA:84,1
DA:85,1
DA:86,1
DA:87,3
DA:88,1
DA:90,1
DA:91,3
DA:94,2
DA:98,2
LF:38
LH:35
end_of_record
SF:lib/features/category/presentation/widgets/category_bottom_sheet.dart
DA:6,43
DA:8,1
DA:11,3
DA:13,1
DA:14,1
DA:15,2
DA:16,1
DA:17,2
LF:8
LH:8
end_of_record
SF:lib/features/category/presentation/widgets/category_circle_icon.dart
DA:7,2
DA:10,2
DA:12,2
DA:14,4
DA:15,10
LF:5
LH:5
end_of_record
SF:lib/features/common/common_bottom_sheet.dart
DA:5,2
DA:16,2
DA:18,4
DA:19,2
DA:21,2
DA:22,2
DA:24,2
DA:26,2
DA:27,6
DA:29,2
DA:30,2
DA:32,4
DA:35,2
DA:37,2
DA:38,2
DA:39,2
DA:40,2
DA:42,4
DA:45,4
DA:46,4
DA:50,2
DA:51,2
DA:52,2
DA:53,2
DA:54,4
LF:25
LH:25
end_of_record
SF:lib/features/common/pages/onboarding/body.dart
DA:8,43
DA:9,0
DA:10,0
DA:16,0
DA:20,0
DA:21,0
DA:22,0
DA:23,0
DA:26,0
DA:28,0
DA:29,0
DA:30,0
DA:32,0
DA:33,0
DA:34,0
DA:36,0
DA:37,0
DA:38,0
DA:39,0
DA:40,0
DA:41,0
DA:42,0
DA:44,0
DA:45,0
DA:46,0
DA:51,0
DA:52,0
DA:54,0
DA:65,0
DA:68,0
DA:70,0
DA:71,0
DA:72,0
DA:76,0
DA:78,0
DA:80,0
DA:82,0
DA:83,0
DA:84,0
DA:85,0
DA:93,0
DA:94,0
DA:95,0
DA:96,0
DA:112,0
DA:114,0
DA:117,0
DA:118,0
DA:119,0
DA:122,0
DA:123,0
DA:124,0
DA:125,0
LF:53
LH:1
end_of_record
SF:lib/features/common/pages/onboarding/onboarding_page.dart
DA:5,43
DA:7,0
LF:2
LH:1
end_of_record
SF:lib/features/common/pages/profile/export/export_page.dart
DA:10,44
DA:12,1
DA:13,1
DA:19,1
DA:21,1
DA:22,3
DA:23,1
DA:24,1
DA:26,1
DA:28,1
DA:29,1
DA:30,1
DA:31,1
DA:44,1
DA:45,1
DA:46,0
DA:47,1
DA:48,1
DA:49,2
DA:51,3
DA:54,1
DA:55,1
DA:57,1
DA:65,1
DA:67,3
DA:68,1
DA:70,1
DA:75,1
LF:28
LH:27
end_of_record
SF:lib/features/common/pages/profile/export/export_result_page.dart
DA:8,1
DA:10,1
DA:12,1
DA:13,1
DA:14,1
DA:16,1
DA:17,1
DA:18,1
DA:19,1
DA:20,1
DA:21,1
DA:35,1
DA:38,1
LF:13
LH:13
end_of_record
SF:lib/features/settings/presentation/pages/currency_screen.dart
DA:7,44
DA:11,1
DA:13,4
DA:17,1
DA:18,3
DA:19,1
DA:20,2
DA:21,4
DA:23,2
DA:24,2
DA:27,2
DA:33,3
DA:34,1
DA:35,1
DA:36,1
DA:37,1
DA:38,1
DA:39,1
LF:18
LH:18
end_of_record
SF:lib/features/settings/presentation/pages/language_screen.dart
DA:10,45
DA:13,2
DA:15,2
DA:16,6
DA:17,6
DA:19,2
DA:20,6
DA:21,2
DA:22,4
DA:23,2
DA:24,4
DA:25,2
DA:27,2
DA:28,1
DA:29,1
DA:30,1
DA:32,2
DA:34,2
DA:35,2
DA:36,2
DA:37,4
DA:41,5
DA:42,3
LF:23
LH:23
end_of_record
SF:lib/features/settings/presentation/pages/notification_screen.dart
DA:6,44
DA:10,1
DA:12,4
DA:15,4
DA:19,1
DA:20,3
DA:21,1
DA:22,1
DA:23,1
DA:25,0
DA:26,2
DA:28,1
DA:32,1
DA:38,1
DA:39,2
DA:42,0
DA:43,1
DA:47,1
DA:53,1
DA:55,0
DA:56,2
DA:58,1
DA:62,1
LF:23
LH:20
end_of_record
SF:lib/features/settings/presentation/pages/profile_screen.dart
DA:21,44
DA:23,1
DA:25,1
DA:27,0
DA:28,3
DA:29,0
DA:31,0
DA:32,0
DA:35,0
DA:36,1
DA:38,1
DA:41,0
DA:42,1
DA:43,1
DA:46,0
DA:47,1
DA:50,1
DA:53,0
DA:54,1
DA:57,1
DA:60,0
DA:61,0
DA:63,1
DA:66,1
DA:69,0
DA:70,0
DA:72,0
DA:73,0
DA:75,0
DA:77,0
DA:78,0
DA:80,0
DA:81,0
DA:86,1
DA:88,2
DA:89,0
DA:90,0
DA:91,0
DA:92,0
DA:93,0
DA:94,0
DA:113,43
DA:115,0
DA:117,0
DA:119,0
DA:120,0
DA:123,0
DA:124,0
DA:126,0
DA:127,0
DA:129,0
DA:134,0
DA:136,0
DA:143,0
DA:150,1
DA:161,0
DA:163,0
DA:164,0
DA:165,0
DA:167,0
DA:168,0
DA:169,0
DA:171,0
DA:172,0
DA:173,0
DA:174,0
DA:175,0
DA:180,0
DA:183,0
LF:69
LH:18
end_of_record
SF:lib/features/settings/presentation/pages/security_screen.dart
DA:7,44
DA:10,1
DA:12,4
DA:15,1
DA:16,3
DA:17,1
DA:18,2
DA:19,1
DA:20,2
DA:24,2
DA:25,2
DA:28,1
DA:34,3
LF:13
LH:13
end_of_record
SF:lib/features/settings/presentation/pages/setting_screen.dart
DA:16,44
DA:18,1
DA:20,3
DA:22,1
DA:23,3
DA:24,1
DA:25,1
DA:26,1
DA:28,2
DA:30,2
DA:32,1
DA:34,2
DA:35,2
DA:36,2
DA:38,1
DA:40,2
DA:41,5
DA:42,2
DA:44,1
DA:46,2
DA:47,2
DA:49,1
DA:51,2
DA:52,2
DA:55,1
DA:56,2
DA:59,1
DA:60,2
DA:70,1
DA:75,1
DA:77,2
DA:79,1
DA:80,2
DA:81,3
DA:84,1
DA:85,2
DA:86,1
DA:88,1
DA:89,2
DA:91,2
DA:94,2
DA:99,1
LF:42
LH:42
end_of_record
SF:lib/features/settings/presentation/pages/theme_screen.dart
DA:10,45
DA:13,2
DA:15,8
DA:16,6
DA:18,2
DA:19,6
DA:20,2
DA:21,2
DA:22,2
DA:23,2
DA:24,2
DA:25,6
DA:28,4
DA:29,4
DA:32,4
DA:35,2
DA:42,2
DA:43,4
DA:44,4
DA:45,2
LF:20
LH:20
end_of_record
SF:lib/features/settings/theme/app_text_theme.dart
DA:4,42
DA:5,14
DA:8,14
DA:10,14
DA:13,14
DA:15,14
DA:16,14
DA:20,14
DA:21,14
DA:25,14
DA:29,14
DA:33,14
DA:37,14
DA:41,14
DA:45,14
DA:49,14
LF:16
LH:16
end_of_record
SF:lib/features/transaction/detail_transaction/transaction_detail.dart
DA:22,0
DA:29,0
DA:31,0
DA:32,0
DA:33,0
DA:39,1
DA:45,1
DA:47,1
DA:48,4
DA:52,3
DA:54,3
DA:55,1
DA:56,1
DA:57,1
DA:58,1
DA:59,1
DA:62,1
DA:63,1
DA:64,1
DA:66,2
DA:68,1
DA:69,1
DA:70,2
DA:71,1
DA:73,1
DA:74,1
DA:82,1
DA:84,1
DA:85,1
DA:87,1
DA:88,1
DA:89,1
DA:90,3
DA:91,4
DA:92,3
DA:97,1
DA:98,1
DA:99,3
DA:100,3
DA:104,1
DA:105,1
DA:106,2
DA:107,2
DA:112,1
DA:114,1
DA:115,1
DA:117,1
DA:118,3
DA:120,1
DA:121,4
DA:126,1
DA:128,1
DA:129,3
DA:131,4
DA:134,1
DA:136,1
DA:137,3
DA:139,3
DA:146,1
DA:147,1
DA:148,1
DA:149,2
DA:150,3
DA:151,0
DA:153,1
DA:154,2
DA:155,2
DA:157,0
DA:158,0
DA:159,0
DA:166,1
DA:168,1
DA:169,2
DA:171,2
DA:182,1
DA:183,2
LF:76
LH:67
end_of_record
SF:lib/features/transaction/edit_transaction/presentation/pages/bottomsheet.dart
DA:9,43
DA:11,0
DA:13,0
DA:15,0
DA:16,0
DA:19,0
DA:28,0
DA:31,0
DA:32,0
DA:33,0
DA:34,0
DA:35,0
DA:36,0
DA:38,0
DA:40,0
DA:41,0
DA:44,0
DA:45,0
DA:46,0
DA:47,0
DA:49,0
DA:50,0
DA:51,0
DA:53,0
DA:54,0
DA:57,0
DA:60,0
DA:61,0
DA:72,0
DA:73,0
DA:74,0
DA:75,0
DA:76,0
DA:78,0
DA:81,0
DA:82,0
DA:85,0
DA:86,0
DA:87,0
DA:88,0
DA:90,0
DA:91,0
DA:92,0
DA:94,0
DA:95,0
DA:98,0
DA:101,0
DA:102,0
DA:113,0
DA:114,0
DA:115,0
DA:116,0
DA:124,0
DA:125,0
DA:126,0
DA:127,0
DA:129,0
DA:130,0
DA:131,0
DA:133,0
DA:134,0
DA:137,0
DA:140,0
DA:141,0
LF:64
LH:1
end_of_record
SF:lib/features/transaction/edit_transaction/presentation/pages/edit_transaction_screen.dart
DA:22,0
DA:24,0
DA:26,0
DA:27,0
DA:28,0
DA:36,43
DA:38,0
DA:40,0
DA:41,0
DA:44,0
DA:46,0
DA:47,0
DA:49,0
DA:50,0
DA:52,0
DA:55,0
DA:60,0
DA:62,0
DA:63,0
DA:65,0
DA:66,0
DA:70,0
DA:71,0
DA:72,0
DA:73,0
DA:75,0
DA:76,0
DA:77,0
DA:78,0
DA:80,0
DA:81,0
DA:82,0
DA:83,0
DA:86,0
DA:98,0
DA:100,0
DA:101,0
DA:106,0
DA:108,0
DA:113,0
DA:117,0
DA:127,43
DA:129,0
DA:131,0
DA:132,0
DA:138,0
DA:139,0
DA:141,0
DA:142,0
DA:148,0
DA:165,0
DA:167,0
DA:168,0
DA:182,43
DA:183,0
DA:185,0
DA:186,0
DA:187,0
DA:188,0
DA:192,0
DA:193,0
DA:194,0
DA:202,0
DA:204,0
DA:205,0
DA:208,0
DA:213,0
DA:214,0
DA:215,0
DA:218,0
DA:224,0
DA:225,0
DA:228,0
DA:229,0
DA:230,0
DA:231,0
DA:245,43
DA:247,0
DA:249,0
DA:251,0
DA:252,0
DA:255,0
DA:256,0
DA:257,0
DA:263,43
DA:265,0
DA:267,0
DA:268,0
DA:270,0
DA:271,0
DA:276,0
DA:277,0
DA:279,0
DA:285,0
DA:291,43
DA:293,0
DA:295,0
DA:296,0
DA:297,0
DA:300,0
DA:301,0
DA:305,0
DA:307,0
DA:309,0
DA:311,0
DA:312,0
DA:313,0
DA:316,0
DA:318,0
DA:319,0
DA:320,0
DA:321,0
DA:323,0
DA:325,0
DA:328,0
DA:329,0
DA:332,0
DA:335,0
DA:336,0
DA:338,0
DA:341,0
DA:349,43
DA:351,0
DA:353,0
DA:354,0
DA:357,0
DA:358,0
DA:360,0
DA:363,0
DA:364,0
DA:368,0
DA:374,0
DA:376,0
DA:380,0
DA:381,0
DA:384,0
DA:386,0
DA:387,0
DA:388,0
DA:393,0
DA:396,0
DA:397,0
DA:403,0
DA:404,0
DA:405,0
DA:407,0
DA:409,0
DA:410,0
DA:411,0
DA:421,43
DA:423,0
DA:425,0
DA:426,0
DA:429,0
DA:430,0
DA:431,0
DA:433,0
DA:434,0
DA:435,0
DA:438,0
DA:441,0
DA:442,0
DA:447,0
DA:450,0
DA:451,0
DA:457,0
DA:458,0
DA:459,0
DA:461,0
DA:463,0
DA:464,0
DA:466,0
DA:477,43
DA:479,0
DA:481,0
DA:482,0
DA:484,0
DA:486,0
DA:491,0
DA:492,0
DA:494,0
DA:499,0
DA:505,43
DA:507,0
DA:509,0
DA:510,0
DA:512,0
DA:513,0
DA:514,0
DA:516,0
DA:517,0
DA:520,0
DA:521,0
DA:522,0
DA:524,0
DA:525,0
DA:526,0
DA:529,0
DA:531,0
DA:532,0
DA:534,0
DA:535,0
DA:538,0
DA:539,0
DA:541,0
DA:543,0
DA:545,0
DA:550,0
DA:553,0
DA:554,0
DA:556,0
DA:558,0
DA:560,0
DA:565,0
DA:566,0
DA:567,0
DA:568,0
DA:570,0
LF:218
LH:10
end_of_record
SF:lib/features/transaction/presentation/widgets/transaction_tile.dart
DA:9,1
DA:15,0
DA:16,0
DA:17,0
DA:26,0
DA:30,0
DA:37,1
DA:39,2
DA:41,2
DA:43,1
DA:44,1
DA:47,4
DA:48,4
DA:50,4
DA:54,1
DA:57,1
DA:58,1
DA:61,3
DA:62,1
DA:64,1
DA:66,1
DA:67,1
DA:68,1
DA:69,3
DA:70,1
DA:74,1
DA:75,1
DA:77,2
DA:83,1
DA:85,1
DA:86,1
DA:87,1
DA:88,2
DA:89,1
DA:94,1
LF:35
LH:30
end_of_record
SF:lib/features/transaction/transaction_overview/presentation/pages/transaction_screen.dart
DA:12,43
DA:15,0
DA:17,0
DA:18,0
DA:25,43
DA:27,0
DA:29,0
DA:30,0
DA:31,0
DA:32,0
DA:37,0
DA:38,0
DA:39,0
DA:43,0
DA:44,0
DA:46,0
DA:47,0
DA:48,0
DA:49,0
DA:50,0
DA:52,0
DA:53,0
DA:55,0
DA:57,0
DA:58,0
DA:60,0
DA:62,0
DA:80,0
DA:81,0
DA:90,0
DA:91,0
DA:92,0
DA:94,0
DA:96,0
DA:98,0
DA:99,0
DA:101,0
DA:104,0
DA:107,0
DA:113,0
DA:125,0
DA:127,0
DA:128,0
DA:129,0
DA:130,0
DA:132,0
DA:136,0
DA:138,0
DA:147,0
DA:151,0
DA:152,0
DA:153,0
DA:155,0
LF:53
LH:2
end_of_record
SF:lib/features/transaction/transaction_overview/presentation/widgets/recent_transactions.dart
DA:8,43
DA:10,0
DA:12,0
DA:13,0
DA:14,0
DA:17,0
DA:19,0
DA:20,0
DA:21,0
DA:22,0
DA:24,0
DA:25,0
LF:12
LH:1
end_of_record
SF:lib/features/verify_email/register_verify_email_view.dart
DA:9,43
DA:11,0
DA:13,0
DA:14,0
DA:15,0
DA:16,0
DA:18,0
DA:19,0
DA:21,0
DA:23,0
DA:24,0
DA:26,0
DA:29,0
DA:35,0
DA:36,0
DA:41,0
DA:46,0
DA:48,0
DA:49,0
DA:53,0
DA:55,0
DA:58,0
DA:60,0
DA:61,0
DA:65,0
DA:66,0
DA:67,0
DA:70,0
DA:71,0
DA:73,0
LF:30
LH:1
end_of_record
SF:lib/features/wallet/presentation/pages/wallet_screen.dart
DA:16,43
DA:18,0
DA:20,0
DA:21,0
DA:28,43
DA:30,0
DA:32,0
DA:33,0
DA:35,0
DA:37,0
DA:39,0
DA:41,0
DA:42,0
DA:45,0
DA:46,0
DA:47,0
DA:48,0
DA:49,0
DA:50,0
DA:52,0
DA:53,0
DA:54,0
DA:58,0
DA:61,0
DA:62,0
DA:64,0
DA:65,0
DA:66,0
DA:68,0
DA:69,0
DA:71,0
DA:72,0
DA:84,0
DA:85,0
DA:86,0
DA:89,0
DA:90,0
DA:91,0
DA:96,0
DA:98,0
DA:99,0
DA:100,0
DA:108,0
DA:110,0
DA:111,0
DA:123,0
DA:125,0
DA:127,0
DA:128,0
DA:130,0
DA:132,0
DA:134,0
DA:136,0
DA:137,0
DA:139,0
DA:140,0
DA:142,0
DA:143,0
DA:144,0
DA:146,0
DA:155,0
DA:156,0
DA:157,0
DA:158,0
DA:162,0
DA:163,0
DA:164,0
DA:165,0
DA:173,0
DA:175,0
DA:176,0
DA:177,0
DA:178,0
DA:179,0
DA:180,0
DA:183,0
DA:185,0
DA:186,0
DA:187,0
DA:189,0
LF:80
LH:2
end_of_record
SF:lib/home_screen.dart
DA:19,44
DA:21,1
DA:23,2
DA:24,2
DA:25,1
DA:27,1
DA:28,0
DA:30,0
DA:31,0
DA:32,0
DA:34,0
DA:36,0
DA:37,0
DA:38,0
DA:39,0
DA:41,0
DA:43,0
DA:46,0
DA:48,0
DA:54,0
DA:55,0
DA:56,0
DA:58,0
DA:59,0
DA:60,0
DA:61,0
DA:62,0
DA:63,0
DA:67,0
DA:68,0
DA:69,0
DA:70,0
DA:76,0
DA:78,0
DA:85,0
DA:87,0
DA:89,0
DA:90,0
DA:91,0
DA:93,0
DA:94,0
DA:96,0
DA:97,0
DA:98,0
DA:99,0
DA:100,0
DA:118,0
DA:120,0
DA:121,0
DA:128,0
DA:130,0
DA:131,0
DA:132,0
DA:133,0
DA:134,0
DA:136,0
DA:137,0
DA:138,0
DA:139,0
DA:143,0
DA:146,0
DA:147,0
DA:149,0
DA:150,0
DA:159,43
DA:161,0
DA:183,43
DA:185,0
DA:187,0
DA:188,0
DA:189,0
DA:191,0
DA:192,0
DA:194,0
DA:195,0
DA:197,0
DA:198,0
DA:200,0
DA:201,0
DA:204,0
DA:205,0
DA:219,0
DA:220,0
DA:221,0
DA:223,0
DA:226,0
DA:227,0
DA:228,0
DA:234,0
DA:236,0
LF:90
LH:8
end_of_record
SF:lib/routes/app_scaffold.dart
DA:13,43
DA:24,0
DA:26,0
DA:27,0
DA:28,0
DA:29,0
DA:30,0
DA:32,0
DA:33,0
DA:36,0
DA:37,0
DA:38,0
DA:39,0
DA:41,0
DA:44,0
DA:46,0
DA:47,0
DA:50,0
DA:51,0
DA:52,0
DA:53,0
DA:57,0
DA:59,0
DA:60,0
DA:61,0
DA:65,0
DA:67,0
DA:68,0
DA:69,0
DA:73,0
DA:75,0
DA:76,0
DA:77,0
DA:81,0
DA:89,0
DA:90,0
DA:91,0
DA:92,0
DA:94,0
DA:95,0
DA:97,0
DA:98,0
DA:100,0
DA:101,0
LF:44
LH:1
end_of_record
SF:lib/l10n/gen/app_localizations_en.dart
DA:5,32
DA:7,3
DA:10,2
DA:13,1
DA:16,0
DA:19,2
DA:22,2
DA:25,2
DA:28,0
DA:31,2
DA:34,0
DA:37,2
DA:40,0
DA:43,1
DA:46,1
DA:49,1
DA:52,1
DA:55,2
DA:57,2
DA:60,1
DA:63,1
DA:66,0
DA:69,0
DA:72,0
DA:75,0
DA:78,0
DA:81,0
DA:84,0
DA:87,0
DA:90,0
DA:93,0
DA:96,0
DA:99,0
DA:102,0
DA:105,0
DA:108,0
DA:111,0
DA:114,0
DA:117,0
DA:120,0
DA:123,1
DA:126,0
DA:129,0
DA:132,2
DA:135,0
DA:138,2
DA:141,2
DA:144,2
DA:147,2
DA:150,2
DA:153,2
DA:156,1
DA:159,2
DA:162,2
DA:165,1
DA:168,0
DA:171,0
DA:174,0
DA:177,1
DA:180,0
DA:183,0
DA:186,0
DA:189,1
DA:192,0
DA:195,0
DA:198,0
DA:201,1
DA:204,1
DA:207,1
DA:210,1
DA:213,1
DA:216,1
LF:72
LH:37
end_of_record
SF:lib/l10n/gen/app_localizations_vi.dart
DA:5,0
DA:7,0
DA:10,0
DA:13,0
DA:16,0
DA:19,0
DA:22,0
DA:25,0
DA:28,0
DA:31,0
DA:34,0
DA:37,0
DA:40,0
DA:43,0
DA:46,0
DA:49,0
DA:52,0
DA:55,0
DA:57,0
DA:60,0
DA:63,0
DA:66,0
DA:69,0
DA:72,0
DA:75,0
DA:78,0
DA:81,0
DA:84,0
DA:87,0
DA:90,0
DA:93,0
DA:96,0
DA:99,0
DA:102,0
DA:105,0
DA:108,0
DA:111,0
DA:114,0
DA:117,0
DA:120,0
DA:123,0
DA:126,0
DA:129,0
DA:132,0
DA:135,0
DA:138,0
DA:141,0
DA:144,0
DA:147,0
DA:150,0
DA:153,0
DA:156,0
DA:159,0
DA:162,0
DA:165,0
DA:168,0
DA:171,0
DA:174,0
DA:177,0
DA:180,0
DA:183,0
DA:186,0
DA:189,0
DA:192,0
DA:195,0
DA:198,0
DA:201,0
DA:204,0
DA:207,0
DA:210,0
DA:213,0
DA:216,0
LF:72
LH:0
end_of_record
SF:lib/routes/fade_transistion_page.dart
DA:7,0
DA:10,0
DA:11,0
DA:17,0
DA:18,0
DA:23,0
LF:6
LH:0
end_of_record
SF:lib/features/settings/theme/theme.dart
DA:4,4
DA:5,1
DA:7,1
DA:8,1
DA:9,1
DA:10,1
DA:16,1
DA:17,1
DA:18,1
DA:19,1
DA:24,1
DA:25,1
DA:29,2
DA:34,1
DA:35,1
DA:36,1
DA:39,1
DA:40,1
DA:42,1
DA:47,42
DA:49,14
DA:57,14
DA:63,14
DA:64,14
DA:65,14
DA:66,14
DA:71,14
DA:72,14
DA:73,14
DA:74,14
DA:79,14
DA:80,14
DA:84,28
DA:88,14
DA:89,14
DA:90,14
DA:98,14
DA:99,14
DA:101,14
LF:39
LH:39
end_of_record
SF:lib/features/app/presentation/app.dart
DA:10,1
DA:15,0
DA:21,1
DA:22,1
DA:26,1
DA:28,1
DA:29,1
DA:32,1
DA:34,1
DA:35,2
DA:37,2
DA:38,3
DA:39,3
DA:40,1
DA:41,1
DA:42,1
DA:43,1
DA:47,1
DA:48,4
DA:49,0
DA:51,0
DA:52,1
LF:22
LH:19
end_of_record
SF:lib/features/budget/domain/usecases/get_all_budget.dart
DA:7,1
DA:11,1
DA:13,2
DA:14,1
DA:15,1
DA:16,1
LF:6
LH:6
end_of_record
SF:lib/features/budget/domain/usecases/delete_budget.dart
DA:6,1
DA:10,1
DA:12,2
DA:13,1
DA:14,1
DA:15,1
LF:6
LH:6
end_of_record
